# JRE version: OpenJDK Runtime Environment Temurin-17.0.8+7 (17.0.8+7) (build 17.0.8+7)
# Java VM: OpenJDK 64-Bit Server VM Temurin-17.0.8+7 (17.0.8+7, mixed mode, sharing, tiered, compressed oops, compressed class ptrs, g1 gc, windows-amd64)
GC Precious Log:
 CPUs: 16 total, 16 available
 Memory: 16222M
 Large Page Support: Disabled
 NUMA Support: Disabled
 Compressed Oops: Enabled (32-bit)
 Heap Region Size: 1M
 Heap Min Capacity: 8M
 Heap Initial Capacity: 254M
 Heap Max Capacity: 2G
 Pre-touch: Disabled
 Parallel Workers: 13
 Concurrent Workers: 3
 Concurrent Refinement Workers: 13
 Periodic GC: Disabled
Heap:
 garbage-first heap   total 86016K, used 47525K [0x0000000080000000, 0x0000000100000000)
  region size 1024K, 5 young (5120K), 4 survivors (4096K)
 Metaspace       used 46753K, committed 47296K, reserved 491520K
  class space    used 6565K, committed 6848K, reserved 425984K
GC Heap History (20 events):
Event: 4.522 GC heap before
{Heap before GC invocations=2 (full 0):
 garbage-first heap   total 260096K, used 112976K [0x0000000080000000, 0x0000000100000000)
  region size 1024K, 100 young (102400K), 1 survivors (1024K)
 Metaspace       used 19121K, committed 19520K, reserved 491520K
  class space    used 2799K, committed 3008K, reserved 425984K
}
Event: 4.527 GC heap after
{Heap after GC invocations=3 (full 0):
 garbage-first heap   total 260096K, used 22192K [0x0000000080000000, 0x0000000100000000)
  region size 1024K, 12 young (12288K), 12 survivors (12288K)
 Metaspace       used 19121K, committed 19520K, reserved 491520K
  class space    used 2799K, committed 3008K, reserved 425984K
}
Event: 4.683 GC heap before
{Heap before GC invocations=3 (full 0):
 garbage-first heap   total 260096K, used 40624K [0x0000000080000000, 0x0000000100000000)
  region size 1024K, 31 young (31744K), 12 survivors (12288K)
 Metaspace       used 21209K, committed 21504K, reserved 491520K
  class space    used 3118K, committed 3264K, reserved 425984K
}
Event: 4.687 GC heap after
{Heap after GC invocations=4 (full 0):
 garbage-first heap   total 260096K, used 23413K [0x0000000080000000, 0x0000000100000000)
  region size 1024K, 2 young (2048K), 2 survivors (2048K)
 Metaspace       used 21209K, committed 21504K, reserved 491520K
  class space    used 3118K, committed 3264K, reserved 425984K
}
Event: 5.202 GC heap before
{Heap before GC invocations=5 (full 0):
 garbage-first heap   total 86016K, used 71541K [0x0000000080000000, 0x0000000100000000)
  region size 1024K, 50 young (51200K), 2 survivors (2048K)
 Metaspace       used 29747K, committed 30016K, reserved 491520K
  class space    used 4153K, committed 4288K, reserved 425984K
}
Event: 5.205 GC heap after
{Heap after GC invocations=6 (full 0):
 garbage-first heap   total 86016K, used 26841K [0x0000000080000000, 0x0000000100000000)
  region size 1024K, 5 young (5120K), 5 survivors (5120K)
 Metaspace       used 29747K, committed 30016K, reserved 491520K
  class space    used 4153K, committed 4288K, reserved 425984K
}
Event: 5.542 GC heap before
{Heap before GC invocations=6 (full 0):
 garbage-first heap   total 86016K, used 67801K [0x0000000080000000, 0x0000000100000000)
  region size 1024K, 41 young (41984K), 5 survivors (5120K)
 Metaspace       used 32739K, committed 33152K, reserved 491520K
  class space    used 4502K, committed 4736K, reserved 425984K
}
Event: 5.544 GC heap after
{Heap after GC invocations=7 (full 0):
 garbage-first heap   total 86016K, used 29872K [0x0000000080000000, 0x0000000100000000)
  region size 1024K, 4 young (4096K), 4 survivors (4096K)
 Metaspace       used 32739K, committed 33152K, reserved 491520K
  class space    used 4502K, committed 4736K, reserved 425984K
}
Event: 7.026 GC heap before
{Heap before GC invocations=7 (full 0):
 garbage-first heap   total 86016K, used 62640K [0x0000000080000000, 0x0000000100000000)
  region size 1024K, 37 young (37888K), 4 survivors (4096K)
 Metaspace       used 34334K, committed 34752K, reserved 491520K
  class space    used 4730K, committed 4928K, reserved 425984K
}
Event: 7.028 GC heap after
{Heap after GC invocations=8 (full 0):
 garbage-first heap   total 86016K, used 31913K [0x0000000080000000, 0x0000000100000000)
  region size 1024K, 3 young (3072K), 3 survivors (3072K)
 Metaspace       used 34334K, committed 34752K, reserved 491520K
  class space    used 4730K, committed 4928K, reserved 425984K
}
Event: 7.170 GC heap before
{Heap before GC invocations=8 (full 0):
 garbage-first heap   total 86016K, used 52393K [0x0000000080000000, 0x0000000100000000)
  region size 1024K, 23 young (23552K), 3 survivors (3072K)
 Metaspace       used 35657K, committed 36096K, reserved 491520K
  class space    used 4851K, committed 5056K, reserved 425984K
}
Event: 7.171 GC heap after
{Heap after GC invocations=9 (full 0):
 garbage-first heap   total 86016K, used 33324K [0x0000000080000000, 0x0000000100000000)
  region size 1024K, 4 young (4096K), 4 survivors (4096K)
 Metaspace       used 35657K, committed 36096K, reserved 491520K
  class space    used 4851K, committed 5056K, reserved 425984K
}
Event: 7.587 GC heap before
{Heap before GC invocations=10 (full 0):
 garbage-first heap   total 86016K, used 67116K [0x0000000080000000, 0x0000000100000000)
  region size 1024K, 37 young (37888K), 4 survivors (4096K)
 Metaspace       used 39298K, committed 39808K, reserved 491520K
  class space    used 5422K, committed 5632K, reserved 425984K
}
Event: 7.589 GC heap after
{Heap after GC invocations=11 (full 0):
 garbage-first heap   total 86016K, used 34155K [0x0000000080000000, 0x0000000100000000)
  region size 1024K, 3 young (3072K), 3 survivors (3072K)
 Metaspace       used 39298K, committed 39808K, reserved 491520K
  class space    used 5422K, committed 5632K, reserved 425984K
}
Event: 8.068 GC heap before
{Heap before GC invocations=11 (full 0):
 garbage-first heap   total 86016K, used 66923K [0x0000000080000000, 0x0000000100000000)
  region size 1024K, 35 young (35840K), 3 survivors (3072K)
 Metaspace       used 42856K, committed 43392K, reserved 491520K
  class space    used 5976K, committed 6208K, reserved 425984K
}
Event: 8.070 GC heap after
{Heap after GC invocations=12 (full 0):
 garbage-first heap   total 86016K, used 35980K [0x0000000080000000, 0x0000000100000000)
  region size 1024K, 5 young (5120K), 5 survivors (5120K)
 Metaspace       used 42856K, committed 43392K, reserved 491520K
  class space    used 5976K, committed 6208K, reserved 425984K
}
Event: 8.514 GC heap before
{Heap before GC invocations=12 (full 0):
 garbage-first heap   total 86016K, used 67724K [0x0000000080000000, 0x0000000100000000)
  region size 1024K, 36 young (36864K), 5 survivors (5120K)
 Metaspace       used 46403K, committed 46976K, reserved 491520K
  class space    used 6532K, committed 6784K, reserved 425984K
}
Event: 8.516 GC heap after
{Heap after GC invocations=13 (full 0):
 garbage-first heap   total 86016K, used 37883K [0x0000000080000000, 0x0000000100000000)
  region size 1024K, 4 young (4096K), 4 survivors (4096K)
 Metaspace       used 46403K, committed 46976K, reserved 491520K
  class space    used 6532K, committed 6784K, reserved 425984K
}
Event: 8.970 GC heap before
{Heap before GC invocations=13 (full 0):
 garbage-first heap   total 86016K, used 51195K [0x0000000080000000, 0x0000000100000000)
  region size 1024K, 14 young (14336K), 4 survivors (4096K)
 Metaspace       used 46753K, committed 47296K, reserved 491520K
  class space    used 6565K, committed 6848K, reserved 425984K
}
Event: 8.972 GC heap after
{Heap after GC invocations=14 (full 0):
 garbage-first heap   total 86016K, used 43429K [0x0000000080000000, 0x0000000100000000)
  region size 1024K, 4 young (4096K), 4 survivors (4096K)
 Metaspace       used 46753K, committed 47296K, reserved 491520K
  class space    used 6565K, committed 6848K, reserved 425984K
}

